<?xml version="1.0" encoding="UTF-8"?>
<!-- Generated by org.testng.reporters.JUnitReportReporter -->
<testsuite skipped="0" hostname="DESKTOP-NLC39P7" name="carsguide.Homepage" tests="2" failures="0" timestamp="10 Mar 2021 06:17:13 GMT" time="67.076" errors="0">
  <testcase name="login" time="34.439" classname="carsguide.Homepage"/>
  <testcase name="logout" time="32.637" classname="carsguide.Homepage"/>
</testsuite> <!-- carsguide.Homepage -->
