<?xml version="1.0" encoding="UTF-8"?>
<!-- Generated by org.testng.reporters.JUnitReportReporter -->
<testsuite skipped="0" hostname="DESKTOP-NLC39P7" name="carsguide.Homepage" tests="2" failures="0" timestamp="10 Mar 2021 06:11:58 GMT" time="72.330" errors="0">
  <testcase name="logout" time="36.461" classname="carsguide.Homepage"/>
  <testcase name="login" time="35.869" classname="carsguide.Homepage"/>
</testsuite> <!-- carsguide.Homepage -->
